{"/home/shahriar/dev/robofriends-react-redux/src/components/SearchBox.js": {"path":"/home/shahriar/dev/robofriends-react-redux/src/components/SearchBox.js","statementMap":{"0":{"start":{"line":3,"column":18},"end":{"line":14,"column":1}},"1":{"start":{"line":4,"column":2},"end":{"line":13,"column":4}}},"fnMap":{"0":{"name":"(anonymous_0)","decl":{"start":{"line":3,"column":18},"end":{"line":3,"column":19}},"loc":{"start":{"line":3,"column":40},"end":{"line":14,"column":1}},"line":3}},"branchMap":{},"s":{"0":1,"1":1},"f":{"0":1},"b":{},"_coverageSchema":"43e27e138ebf9cfc5966b082cf9a028302ed4184","hash":"d1836338886592f7eecb50a50de6d3207ea5c3fb"}
}
